{"time":"2023-12-13T19:01:42.112244052Z","level":"ERROR","msg":"Key nLhyOUzJjNidxBlSoCFaYelkVBgKDDds not found","module":"core"}
{"time":"2023-12-13T19:42:28.105214019Z","level":"ERROR","msg":"Key null not found","module":"core"}
{"time":"2023-12-13T20:42:26.101555237Z","level":"ERROR","msg":"Key xFBpyoKrPSvtwfMvSQNxqsTwWcKtedpX not found","module":"core"}
{"time":"2023-12-13T21:54:42.699238955Z","level":"ERROR","msg":"Key wQpayuDoiFlWjmYruaZjhgEoIAXrFHzu not found","module":"core"}
{"time":"2023-12-13T23:49:31.2225563Z","level":"ERROR","msg":"Key BVJWvMTUBbYYPNabaQnqEfQjIDuGgLUx not found","module":"core"}
{"time":"2023-12-14T09:34:23.554952088Z","level":"ERROR","msg":"Key null not found","module":"core"}
{"time":"2023-12-14T10:02:34.757732435Z","level":"ERROR","msg":"Key qwgGbiyrKCeRiwckDCTWebeBKPGcAZhU not found","module":"core"}
{"time":"2023-12-14T10:23:13.995072201Z","level":"ERROR","msg":"Key beDGDlGzjlIKrTUqOtlLaaJHKvlDiuMJ not found","module":"core"}
{"time":"2023-12-14T10:24:01.502594298Z","level":"ERROR","msg":"Key ssYLrwFZqLfYhcWIpQfzfObIuBJntoou not found","module":"core"}
{"time":"2023-12-14T10:24:47.868895461Z","level":"ERROR","msg":"Key gsEVAXdyWsagNzJfGrzcMaWxUidzuFrD not found","module":"core"}
{"time":"2023-12-14T11:01:18.629310467Z","level":"ERROR","msg":"Key bDoPEQllleLZsjDKYgQcOowlmDYPFBvg not found","module":"core"}
{"time":"2023-12-14T13:13:42.085761006Z","level":"ERROR","msg":"Key XqgKtJUVxOWawkcDSFopSQDdJsGvljcB not found","module":"core"}
{"time":"2023-12-14T13:47:22.271071634Z","level":"ERROR","msg":"Key null not found","module":"core"}
{"time":"2023-12-14T14:03:31.830996138Z","level":"ERROR","msg":"Key MfAWYRrpJSHiypPCOgHXuTnwxxmqLqnI not found","module":"core"}
{"time":"2023-12-14T14:21:16.897840445Z","level":"ERROR","msg":"Key null not found","module":"core"}
{"time":"2023-12-14T16:52:04.332569222Z","level":"ERROR","msg":"Key hRmpWVcevzdSiwCMnmNILqmoIlLyYVUv not found","module":"core"}
{"time":"2023-12-14T17:13:55.26915179Z","level":"ERROR","msg":"Key cNRsGOIKwHwBXXlzhpuxNabJdOoWfHNN not found","module":"core"}
{"time":"2023-12-14T17:21:50.350952541Z","level":"ERROR","msg":"Key grHHydZMcUeYENZydIuSLlbnZVokNMvl not found","module":"core"}
{"time":"2023-12-14T19:04:25.487735491Z","level":"ERROR","msg":"Key null not found","module":"core"}
{"time":"2023-12-14T21:02:40.702060944Z","level":"ERROR","msg":"Key null not found","module":"core"}
